[debug] [2023-11-16T20:11:20.787Z] ----------------------------------------------------------------------
[debug] [2023-11-16T20:11:20.789Z] Command:       C:\Program Files\nodejs\node.exe C:\Users\Owner\AppData\Roaming\npm\node_modules\firebase-tools\lib\bin\firebase.js init hosting
[debug] [2023-11-16T20:11:20.790Z] CLI Version:   12.9.1
[debug] [2023-11-16T20:11:20.790Z] Platform:      win32
[debug] [2023-11-16T20:11:20.790Z] Node Version:  v18.16.0
[debug] [2023-11-16T20:11:20.791Z] Time:          Thu Nov 16 2023 14:11:20 GMT-0600 (Central Standard Time)
[debug] [2023-11-16T20:11:20.791Z] ----------------------------------------------------------------------
[debug] 
[debug] [2023-11-16T20:11:20.858Z] > command requires scopes: ["email","openid","https://www.googleapis.com/auth/cloudplatformprojects.readonly","https://www.googleapis.com/auth/firebase","https://www.googleapis.com/auth/cloud-platform"]
[debug] [2023-11-16T20:11:20.858Z] > authorizing via signed-in user (gcduncan09@gmail.com)
[info] 
     ######## #### ########  ######## ########     ###     ######  ########
     ##        ##  ##     ## ##       ##     ##  ##   ##  ##       ##
     ######    ##  ########  ######   ########  #########  ######  ######
     ##        ##  ##    ##  ##       ##     ## ##     ##       ## ##
     ##       #### ##     ## ######## ########  ##     ##  ######  ########

You're about to initialize a Firebase project in this directory:

  C:\Users\Owner\Desktop\code-labs\Code-Along-Academind\Course-Project-Academind\Exercise-Plan-Class-Project-Updated

Before we get started, keep in mind:

  * You are initializing within an existing Firebase project directory

[info] 
=== Project Setup
[info] 
[info] First, let's associate this project directory with a Firebase project.
[info] You can create multiple project aliases by running firebase use --add, 
[info] but for now we'll just set up a default project.
[info] 
[debug] [2023-11-16T20:11:24.203Z] Using project from CLI flag: exercise-project-49ee5
[debug] [2023-11-16T20:11:24.206Z] >>> [apiv2][query] GET https://firebase.googleapis.com/v1beta1/projects/exercise-project-49ee5 [none]
[debug] [2023-11-16T20:11:24.430Z] <<< [apiv2][status] GET https://firebase.googleapis.com/v1beta1/projects/exercise-project-49ee5 200
[debug] [2023-11-16T20:11:24.430Z] <<< [apiv2][body] GET https://firebase.googleapis.com/v1beta1/projects/exercise-project-49ee5 {"projectId":"exercise-project-49ee5","projectNumber":"309029095098","displayName":"Exercise-Project","name":"projects/exercise-project-49ee5","resources":{"hostingSite":"exercise-project-49ee5","realtimeDatabaseInstance":"exercise-project-49ee5-default-rtdb"},"state":"ACTIVE","etag":"1_c8ef5df7-65ee-4416-a1af-b09a6c3e1ce8"}
[info] i  Using project exercise-project-49ee5 (Exercise-Project) 
[info] 
=== Hosting Setup
[debug] [2023-11-16T20:11:24.434Z] >>> [apiv2][query] GET https://firebase.googleapis.com/v1beta1/projects/exercise-project-49ee5 [none]
[debug] [2023-11-16T20:11:24.583Z] <<< [apiv2][status] GET https://firebase.googleapis.com/v1beta1/projects/exercise-project-49ee5 200
[debug] [2023-11-16T20:11:24.583Z] <<< [apiv2][body] GET https://firebase.googleapis.com/v1beta1/projects/exercise-project-49ee5 {"projectId":"exercise-project-49ee5","projectNumber":"309029095098","displayName":"Exercise-Project","name":"projects/exercise-project-49ee5","resources":{"hostingSite":"exercise-project-49ee5","realtimeDatabaseInstance":"exercise-project-49ee5-default-rtdb"},"state":"ACTIVE","etag":"1_c8ef5df7-65ee-4416-a1af-b09a6c3e1ce8"}
[info] 
[info] Your public directory is the folder (relative to your project directory) that
[info] will contain Hosting assets to be uploaded with firebase deploy. If you
[info] have a build process for your assets, use your build's output directory.
[info] 
[debug] [2023-11-16T20:11:47.574Z] ----------------------------------------------------------------------
[debug] [2023-11-16T20:11:47.576Z] Command:       C:\Program Files\nodejs\node.exe C:\Users\Owner\AppData\Roaming\npm\node_modules\firebase-tools\lib\bin\firebase.js init hosting
[debug] [2023-11-16T20:11:47.576Z] CLI Version:   12.9.1
[debug] [2023-11-16T20:11:47.576Z] Platform:      win32
[debug] [2023-11-16T20:11:47.577Z] Node Version:  v18.16.0
[debug] [2023-11-16T20:11:47.577Z] Time:          Thu Nov 16 2023 14:11:47 GMT-0600 (Central Standard Time)
[debug] [2023-11-16T20:11:47.578Z] ----------------------------------------------------------------------
[debug] 
[debug] [2023-11-16T20:11:47.650Z] > command requires scopes: ["email","openid","https://www.googleapis.com/auth/cloudplatformprojects.readonly","https://www.googleapis.com/auth/firebase","https://www.googleapis.com/auth/cloud-platform"]
[debug] [2023-11-16T20:11:47.650Z] > authorizing via signed-in user (gcduncan09@gmail.com)
[info] 
     ######## #### ########  ######## ########     ###     ######  ########
     ##        ##  ##     ## ##       ##     ##  ##   ##  ##       ##
     ######    ##  ########  ######   ########  #########  ######  ######
     ##        ##  ##    ##  ##       ##     ## ##     ##       ## ##
     ##       #### ##     ## ######## ########  ##     ##  ######  ########

You're about to initialize a Firebase project in this directory:

  C:\Users\Owner\Desktop\code-labs\Code-Along-Academind\Course-Project-Academind\Exercise-Plan-Class-Project-Updated

Before we get started, keep in mind:

  * You are initializing within an existing Firebase project directory

[info] 
=== Project Setup
[info] 
[info] First, let's associate this project directory with a Firebase project.
[info] You can create multiple project aliases by running firebase use --add, 
[info] but for now we'll just set up a default project.
[info] 
[debug] [2023-11-16T20:11:51.493Z] Using project from CLI flag: exercise-project-49ee5
[debug] [2023-11-16T20:11:51.496Z] >>> [apiv2][query] GET https://firebase.googleapis.com/v1beta1/projects/exercise-project-49ee5 [none]
[debug] [2023-11-16T20:11:51.698Z] <<< [apiv2][status] GET https://firebase.googleapis.com/v1beta1/projects/exercise-project-49ee5 200
[debug] [2023-11-16T20:11:51.698Z] <<< [apiv2][body] GET https://firebase.googleapis.com/v1beta1/projects/exercise-project-49ee5 {"projectId":"exercise-project-49ee5","projectNumber":"309029095098","displayName":"Exercise-Project","name":"projects/exercise-project-49ee5","resources":{"hostingSite":"exercise-project-49ee5","realtimeDatabaseInstance":"exercise-project-49ee5-default-rtdb"},"state":"ACTIVE","etag":"1_c8ef5df7-65ee-4416-a1af-b09a6c3e1ce8"}
[info] i  Using project exercise-project-49ee5 (Exercise-Project) 
[info] 
=== Hosting Setup
[debug] [2023-11-16T20:11:51.703Z] >>> [apiv2][query] GET https://firebase.googleapis.com/v1beta1/projects/exercise-project-49ee5 [none]
[debug] [2023-11-16T20:11:51.861Z] <<< [apiv2][status] GET https://firebase.googleapis.com/v1beta1/projects/exercise-project-49ee5 200
[debug] [2023-11-16T20:11:51.861Z] <<< [apiv2][body] GET https://firebase.googleapis.com/v1beta1/projects/exercise-project-49ee5 {"projectId":"exercise-project-49ee5","projectNumber":"309029095098","displayName":"Exercise-Project","name":"projects/exercise-project-49ee5","resources":{"hostingSite":"exercise-project-49ee5","realtimeDatabaseInstance":"exercise-project-49ee5-default-rtdb"},"state":"ACTIVE","etag":"1_c8ef5df7-65ee-4416-a1af-b09a6c3e1ce8"}
[info] 
[info] Your public directory is the folder (relative to your project directory) that
[info] will contain Hosting assets to be uploaded with firebase deploy. If you
[info] have a build process for your assets, use your build's output directory.
[info] 
